# JRE version: OpenJDK Runtime Environment Temurin-21.0.5+11 (21.0.5+11) (build 21.0.5+11-LTS)
# Java VM: OpenJDK 64-Bit Server VM Temurin-21.0.5+11 (21.0.5+11-LTS, mixed mode, sharing, tiered, compressed oops, compressed class ptrs, g1 gc, linux-amd64)
GC Precious Log:
 CardTable entry size: 512
 Card Set container configuration: InlinePtr #cards 4 size 8 Array Of Cards #cards 16 size 48 Howl #buckets 8 coarsen threshold 3686 Howl Bitmap #cards 512 size 80 coarsen threshold 460 Card regions per heap region 1 cards per card region 4096
 CPUs: 20 total, 20 available
 Memory: 15815M
 Large Page Support: Disabled
 NUMA Support: Disabled
 Compressed Oops: Enabled (Zero based)
 Heap Region Size: 2M
 Heap Min Capacity: 8M
 Heap Initial Capacity: 248M
 Heap Max Capacity: 3954M
 Pre-touch: Disabled
 Parallel Workers: 15
 Concurrent Workers: 4
 Concurrent Refinement Workers: 15
 Periodic GC: Disabled
Heap:
 garbage-first heap   total 774144K, used 563157K [0x0000000708e00000, 0x0000000800000000)
  region size 2048K, 63 young (129024K), 3 survivors (6144K)
 Metaspace       used 135121K, committed 136832K, reserved 1179648K
  class space    used 19853K, committed 20608K, reserved 1048576K
GC Heap History (20 events):
Event: 48,957 GC heap before
{Heap before GC invocations=57 (full 0):
 garbage-first heap   total 774144K, used 714759K [0x0000000708e00000, 0x0000000800000000)
  region size 2048K, 139 young (284672K), 7 survivors (14336K)
 Metaspace       used 133912K, committed 135616K, reserved 1179648K
  class space    used 19706K, committed 20480K, reserved 1048576K
}
Event: 48,962 GC heap after
{Heap after GC invocations=58 (full 0):
 garbage-first heap   total 774144K, used 445375K [0x0000000708e00000, 0x0000000800000000)
  region size 2048K, 7 young (14336K), 7 survivors (14336K)
 Metaspace       used 133912K, committed 135616K, reserved 1179648K
  class space    used 19706K, committed 20480K, reserved 1048576K
}
Event: 53,602 GC heap before
{Heap before GC invocations=59 (full 0):
 garbage-first heap   total 774144K, used 715711K [0x0000000708e00000, 0x0000000800000000)
  region size 2048K, 139 young (284672K), 7 survivors (14336K)
 Metaspace       used 133983K, committed 135680K, reserved 1179648K
  class space    used 19707K, committed 20480K, reserved 1048576K
}
Event: 53,607 GC heap after
{Heap after GC invocations=60 (full 0):
 garbage-first heap   total 774144K, used 445593K [0x0000000708e00000, 0x0000000800000000)
  region size 2048K, 7 young (14336K), 7 survivors (14336K)
 Metaspace       used 133983K, committed 135680K, reserved 1179648K
  class space    used 19707K, committed 20480K, reserved 1048576K
}
Event: 58,763 GC heap before
{Heap before GC invocations=60 (full 0):
 garbage-first heap   total 774144K, used 715929K [0x0000000708e00000, 0x0000000800000000)
  region size 2048K, 139 young (284672K), 7 survivors (14336K)
 Metaspace       used 134031K, committed 135744K, reserved 1179648K
  class space    used 19709K, committed 20480K, reserved 1048576K
}
Event: 58,769 GC heap after
{Heap after GC invocations=61 (full 0):
 garbage-first heap   total 774144K, used 443752K [0x0000000708e00000, 0x0000000800000000)
  region size 2048K, 7 young (14336K), 7 survivors (14336K)
 Metaspace       used 134031K, committed 135744K, reserved 1179648K
  class space    used 19709K, committed 20480K, reserved 1048576K
}
Event: 63,603 GC heap before
{Heap before GC invocations=61 (full 0):
 garbage-first heap   total 774144K, used 716136K [0x0000000708e00000, 0x0000000800000000)
  region size 2048K, 140 young (286720K), 7 survivors (14336K)
 Metaspace       used 134077K, committed 135744K, reserved 1179648K
  class space    used 19710K, committed 20480K, reserved 1048576K
}
Event: 63,608 GC heap after
{Heap after GC invocations=62 (full 0):
 garbage-first heap   total 774144K, used 444185K [0x0000000708e00000, 0x0000000800000000)
  region size 2048K, 7 young (14336K), 7 survivors (14336K)
 Metaspace       used 134077K, committed 135744K, reserved 1179648K
  class space    used 19710K, committed 20480K, reserved 1048576K
}
Event: 68,457 GC heap before
{Heap before GC invocations=63 (full 0):
 garbage-first heap   total 774144K, used 716569K [0x0000000708e00000, 0x0000000800000000)
  region size 2048K, 140 young (286720K), 7 survivors (14336K)
 Metaspace       used 134119K, committed 135808K, reserved 1179648K
  class space    used 19712K, committed 20480K, reserved 1048576K
}
Event: 68,462 GC heap after
{Heap after GC invocations=64 (full 0):
 garbage-first heap   total 774144K, used 444037K [0x0000000708e00000, 0x0000000800000000)
  region size 2048K, 7 young (14336K), 7 survivors (14336K)
 Metaspace       used 134119K, committed 135808K, reserved 1179648K
  class space    used 19712K, committed 20480K, reserved 1048576K
}
Event: 73,189 GC heap before
{Heap before GC invocations=64 (full 0):
 garbage-first heap   total 774144K, used 716421K [0x0000000708e00000, 0x0000000800000000)
  region size 2048K, 140 young (286720K), 7 survivors (14336K)
 Metaspace       used 134140K, committed 135808K, reserved 1179648K
  class space    used 19713K, committed 20480K, reserved 1048576K
}
Event: 73,195 GC heap after
{Heap after GC invocations=65 (full 0):
 garbage-first heap   total 774144K, used 443397K [0x0000000708e00000, 0x0000000800000000)
  region size 2048K, 8 young (16384K), 8 survivors (16384K)
 Metaspace       used 134140K, committed 135808K, reserved 1179648K
  class space    used 19713K, committed 20480K, reserved 1048576K
}
Event: 78,002 GC heap before
{Heap before GC invocations=65 (full 0):
 garbage-first heap   total 774144K, used 713733K [0x0000000708e00000, 0x0000000800000000)
  region size 2048K, 140 young (286720K), 8 survivors (16384K)
 Metaspace       used 134153K, committed 135808K, reserved 1179648K
  class space    used 19715K, committed 20480K, reserved 1048576K
}
Event: 78,007 GC heap after
{Heap after GC invocations=66 (full 0):
 garbage-first heap   total 774144K, used 443624K [0x0000000708e00000, 0x0000000800000000)
  region size 2048K, 5 young (10240K), 5 survivors (10240K)
 Metaspace       used 134153K, committed 135808K, reserved 1179648K
  class space    used 19715K, committed 20480K, reserved 1048576K
}
Event: 82,933 GC heap before
{Heap before GC invocations=67 (full 0):
 garbage-first heap   total 774144K, used 718056K [0x0000000708e00000, 0x0000000800000000)
  region size 2048K, 140 young (286720K), 5 survivors (10240K)
 Metaspace       used 134159K, committed 135808K, reserved 1179648K
  class space    used 19715K, committed 20480K, reserved 1048576K
}
Event: 82,937 GC heap after
{Heap after GC invocations=68 (full 0):
 garbage-first heap   total 774144K, used 444142K [0x0000000708e00000, 0x0000000800000000)
  region size 2048K, 4 young (8192K), 4 survivors (8192K)
 Metaspace       used 134159K, committed 135808K, reserved 1179648K
  class space    used 19715K, committed 20480K, reserved 1048576K
}
Event: 88,256 GC heap before
{Heap before GC invocations=68 (full 0):
 garbage-first heap   total 774144K, used 720622K [0x0000000708e00000, 0x0000000800000000)
  region size 2048K, 139 young (284672K), 4 survivors (8192K)
 Metaspace       used 134196K, committed 135872K, reserved 1179648K
  class space    used 19719K, committed 20480K, reserved 1048576K
}
Event: 88,261 GC heap after
{Heap after GC invocations=69 (full 0):
 garbage-first heap   total 774144K, used 443683K [0x0000000708e00000, 0x0000000800000000)
  region size 2048K, 4 young (8192K), 4 survivors (8192K)
 Metaspace       used 134196K, committed 135872K, reserved 1179648K
  class space    used 19719K, committed 20480K, reserved 1048576K
}
Event: 93,150 GC heap before
{Heap before GC invocations=69 (full 0):
 garbage-first heap   total 774144K, used 722211K [0x0000000708e00000, 0x0000000800000000)
  region size 2048K, 140 young (286720K), 4 survivors (8192K)
 Metaspace       used 134213K, committed 135872K, reserved 1179648K
  class space    used 19719K, committed 20480K, reserved 1048576K
}
Event: 93,153 GC heap after
{Heap after GC invocations=70 (full 0):
 garbage-first heap   total 774144K, used 444373K [0x0000000708e00000, 0x0000000800000000)
  region size 2048K, 3 young (6144K), 3 survivors (6144K)
 Metaspace       used 134213K, committed 135872K, reserved 1179648K
  class space    used 19719K, committed 20480K, reserved 1048576K
}

