# JRE version: OpenJDK Runtime Environment Temurin-21.0.5+11 (21.0.5+11) (build 21.0.5+11-LTS)
# Java VM: OpenJDK 64-Bit Server VM Temurin-21.0.5+11 (21.0.5+11-LTS, mixed mode, sharing, tiered, compressed oops, compressed class ptrs, g1 gc, linux-amd64)
GC Precious Log:
 CardTable entry size: 512
 Card Set container configuration: InlinePtr #cards 4 size 8 Array Of Cards #cards 16 size 48 Howl #buckets 8 coarsen threshold 3686 Howl Bitmap #cards 512 size 80 coarsen threshold 460 Card regions per heap region 1 cards per card region 4096
 CPUs: 20 total, 20 available
 Memory: 15815M
 Large Page Support: Disabled
 NUMA Support: Disabled
 Compressed Oops: Enabled (Zero based)
 Heap Region Size: 2M
 Heap Min Capacity: 8M
 Heap Initial Capacity: 248M
 Heap Max Capacity: 3954M
 Pre-touch: Disabled
 Parallel Workers: 15
 Concurrent Workers: 4
 Concurrent Refinement Workers: 15
 Periodic GC: Disabled
Heap:
 garbage-first heap   total 956416K, used 664387K [0x0000000708e00000, 0x0000000800000000)
  region size 2048K, 117 young (239616K), 16 survivors (32768K)
 Metaspace       used 133050K, committed 134592K, reserved 1179648K
  class space    used 19564K, committed 20288K, reserved 1048576K
GC Heap History (20 events):
Event: 13,671 GC heap before
{Heap before GC invocations=30 (full 0):
 garbage-first heap   total 739328K, used 663450K [0x0000000708e00000, 0x0000000800000000)
  region size 2048K, 196 young (401408K), 16 survivors (32768K)
 Metaspace       used 127832K, committed 129280K, reserved 1179648K
  class space    used 19153K, committed 19840K, reserved 1048576K
}
Event: 13,703 GC heap after
{Heap after GC invocations=31 (full 0):
 garbage-first heap   total 739328K, used 335602K [0x0000000708e00000, 0x0000000800000000)
  region size 2048K, 25 young (51200K), 25 survivors (51200K)
 Metaspace       used 127832K, committed 129280K, reserved 1179648K
  class space    used 19153K, committed 19840K, reserved 1048576K
}
Event: 14,431 GC heap before
{Heap before GC invocations=32 (full 0):
 garbage-first heap   total 739328K, used 644850K [0x0000000708e00000, 0x0000000800000000)
  region size 2048K, 177 young (362496K), 25 survivors (51200K)
 Metaspace       used 128583K, committed 130048K, reserved 1179648K
  class space    used 19233K, committed 19904K, reserved 1048576K
}
Event: 14,455 GC heap after
{Heap after GC invocations=33 (full 0):
 garbage-first heap   total 739328K, used 369455K [0x0000000708e00000, 0x0000000800000000)
  region size 2048K, 16 young (32768K), 16 survivors (32768K)
 Metaspace       used 128583K, committed 130048K, reserved 1179648K
  class space    used 19233K, committed 19904K, reserved 1048576K
}
Event: 14,970 GC heap before
{Heap before GC invocations=33 (full 0):
 garbage-first heap   total 739328K, used 660271K [0x0000000708e00000, 0x0000000800000000)
  region size 2048K, 159 young (325632K), 16 survivors (32768K)
 Metaspace       used 129461K, committed 130944K, reserved 1179648K
  class space    used 19322K, committed 20032K, reserved 1048576K
}
Event: 14,985 GC heap after
{Heap after GC invocations=34 (full 0):
 garbage-first heap   total 739328K, used 389397K [0x0000000708e00000, 0x0000000800000000)
  region size 2048K, 14 young (28672K), 14 survivors (28672K)
 Metaspace       used 129461K, committed 130944K, reserved 1179648K
  class space    used 19322K, committed 20032K, reserved 1048576K
}
Event: 15,279 GC heap before
{Heap before GC invocations=34 (full 0):
 garbage-first heap   total 739328K, used 659733K [0x0000000708e00000, 0x0000000800000000)
  region size 2048K, 147 young (301056K), 14 survivors (28672K)
 Metaspace       used 129705K, committed 131264K, reserved 1179648K
  class space    used 19340K, committed 20032K, reserved 1048576K
}
Event: 15,292 GC heap after
{Heap after GC invocations=35 (full 0):
 garbage-first heap   total 739328K, used 411936K [0x0000000708e00000, 0x0000000800000000)
  region size 2048K, 12 young (24576K), 12 survivors (24576K)
 Metaspace       used 129705K, committed 131264K, reserved 1179648K
  class space    used 19340K, committed 20032K, reserved 1048576K
}
Event: 15,722 GC heap before
{Heap before GC invocations=36 (full 0):
 garbage-first heap   total 739328K, used 665888K [0x0000000708e00000, 0x0000000800000000)
  region size 2048K, 137 young (280576K), 12 survivors (24576K)
 Metaspace       used 129997K, committed 131456K, reserved 1179648K
  class space    used 19347K, committed 20032K, reserved 1048576K
}
Event: 15,736 GC heap after
{Heap after GC invocations=37 (full 0):
 garbage-first heap   total 739328K, used 431255K [0x0000000708e00000, 0x0000000800000000)
  region size 2048K, 11 young (22528K), 11 survivors (22528K)
 Metaspace       used 129997K, committed 131456K, reserved 1179648K
  class space    used 19347K, committed 20032K, reserved 1048576K
}
Event: 15,960 GC heap before
{Heap before GC invocations=37 (full 0):
 garbage-first heap   total 739328K, used 668823K [0x0000000708e00000, 0x0000000800000000)
  region size 2048K, 128 young (262144K), 11 survivors (22528K)
 Metaspace       used 130098K, committed 131648K, reserved 1179648K
  class space    used 19350K, committed 20032K, reserved 1048576K
}
Event: 15,974 GC heap after
{Heap after GC invocations=38 (full 0):
 garbage-first heap   total 739328K, used 439689K [0x0000000708e00000, 0x0000000800000000)
  region size 2048K, 9 young (18432K), 9 survivors (18432K)
 Metaspace       used 130098K, committed 131648K, reserved 1179648K
  class space    used 19350K, committed 20032K, reserved 1048576K
}
Event: 16,185 GC heap before
{Heap before GC invocations=38 (full 0):
 garbage-first heap   total 739328K, used 675209K [0x0000000708e00000, 0x0000000800000000)
  region size 2048K, 125 young (256000K), 9 survivors (18432K)
 Metaspace       used 130167K, committed 131712K, reserved 1179648K
  class space    used 19350K, committed 20032K, reserved 1048576K
}
Event: 16,193 GC heap after
{Heap after GC invocations=39 (full 0):
 garbage-first heap   total 956416K, used 452433K [0x0000000708e00000, 0x0000000800000000)
  region size 2048K, 15 young (30720K), 15 survivors (30720K)
 Metaspace       used 130167K, committed 131712K, reserved 1179648K
  class space    used 19350K, committed 20032K, reserved 1048576K
}
Event: 17,071 GC heap before
{Heap before GC invocations=40 (full 0):
 garbage-first heap   total 956416K, used 847697K [0x0000000708e00000, 0x0000000800000000)
  region size 2048K, 209 young (428032K), 15 survivors (30720K)
 Metaspace       used 131300K, committed 132864K, reserved 1179648K
  class space    used 19439K, committed 20160K, reserved 1048576K
}
Event: 17,079 GC heap after
{Heap after GC invocations=41 (full 0):
 garbage-first heap   total 956416K, used 454209K [0x0000000708e00000, 0x0000000800000000)
  region size 2048K, 16 young (32768K), 16 survivors (32768K)
 Metaspace       used 131300K, committed 132864K, reserved 1179648K
  class space    used 19439K, committed 20160K, reserved 1048576K
}
Event: 21,575 GC heap before
{Heap before GC invocations=41 (full 0):
 garbage-first heap   total 956416K, used 863809K [0x0000000708e00000, 0x0000000800000000)
  region size 2048K, 217 young (444416K), 16 survivors (32768K)
 Metaspace       used 132217K, committed 133696K, reserved 1179648K
  class space    used 19466K, committed 20160K, reserved 1048576K
}
Event: 21,586 GC heap after
{Heap after GC invocations=42 (full 0):
 garbage-first heap   total 956416K, used 449184K [0x0000000708e00000, 0x0000000800000000)
  region size 2048K, 10 young (20480K), 10 survivors (20480K)
 Metaspace       used 132217K, committed 133696K, reserved 1179648K
  class space    used 19466K, committed 20160K, reserved 1048576K
}
Event: 24,902 GC heap before
{Heap before GC invocations=42 (full 0):
 garbage-first heap   total 956416K, used 881312K [0x0000000708e00000, 0x0000000800000000)
  region size 2048K, 222 young (454656K), 10 survivors (20480K)
 Metaspace       used 132717K, committed 134272K, reserved 1179648K
  class space    used 19518K, committed 20224K, reserved 1048576K
}
Event: 24,912 GC heap after
{Heap after GC invocations=43 (full 0):
 garbage-first heap   total 956416K, used 461635K [0x0000000708e00000, 0x0000000800000000)
  region size 2048K, 16 young (32768K), 16 survivors (32768K)
 Metaspace       used 132717K, committed 134272K, reserved 1179648K
  class space    used 19518K, committed 20224K, reserved 1048576K
}

