# JRE version: OpenJDK Runtime Environment Temurin-21.0.5+11 (21.0.5+11) (build 21.0.5+11-LTS)
# Java VM: OpenJDK 64-Bit Server VM Temurin-21.0.5+11 (21.0.5+11-LTS, mixed mode, sharing, tiered, compressed oops, compressed class ptrs, g1 gc, linux-amd64)
GC Precious Log:
 CardTable entry size: 512
 Card Set container configuration: InlinePtr #cards 4 size 8 Array Of Cards #cards 16 size 48 Howl #buckets 8 coarsen threshold 3686 Howl Bitmap #cards 512 size 80 coarsen threshold 460 Card regions per heap region 1 cards per card region 4096
 CPUs: 20 total, 20 available
 Memory: 15815M
 Large Page Support: Disabled
 NUMA Support: Disabled
 Compressed Oops: Enabled (Zero based)
 Heap Region Size: 2M
 Heap Min Capacity: 8M
 Heap Initial Capacity: 248M
 Heap Max Capacity: 3954M
 Pre-touch: Disabled
 Parallel Workers: 15
 Concurrent Workers: 4
 Concurrent Refinement Workers: 15
 Periodic GC: Disabled
Heap:
 garbage-first heap   total 1042432K, used 832753K [0x0000000708e00000, 0x0000000800000000)
  region size 2048K, 115 young (235520K), 11 survivors (22528K)
 Metaspace       used 136462K, committed 138112K, reserved 1179648K
  class space    used 19991K, committed 20736K, reserved 1048576K
GC Heap History (20 events):
Event: 25,164 GC heap before
{Heap before GC invocations=54 (full 0):
 garbage-first heap   total 954368K, used 874264K [0x0000000708e00000, 0x0000000800000000)
  region size 2048K, 176 young (360448K), 14 survivors (28672K)
 Metaspace       used 134261K, committed 135808K, reserved 1179648K
  class space    used 19710K, committed 20416K, reserved 1048576K
}
Event: 25,175 GC heap after
{Heap after GC invocations=55 (full 0):
 garbage-first heap   total 954368K, used 552458K [0x0000000708e00000, 0x0000000800000000)
  region size 2048K, 14 young (28672K), 14 survivors (28672K)
 Metaspace       used 134261K, committed 135808K, reserved 1179648K
  class space    used 19710K, committed 20416K, reserved 1048576K
}
Event: 25,593 GC heap before
{Heap before GC invocations=55 (full 0):
 garbage-first heap   total 954368K, used 873994K [0x0000000708e00000, 0x0000000800000000)
  region size 2048K, 172 young (352256K), 14 survivors (28672K)
 Metaspace       used 135227K, committed 136896K, reserved 1179648K
  class space    used 19869K, committed 20608K, reserved 1048576K
}
Event: 25,606 GC heap after
{Heap after GC invocations=56 (full 0):
 garbage-first heap   total 954368K, used 558763K [0x0000000708e00000, 0x0000000800000000)
  region size 2048K, 14 young (28672K), 14 survivors (28672K)
 Metaspace       used 135227K, committed 136896K, reserved 1179648K
  class space    used 19869K, committed 20608K, reserved 1048576K
}
Event: 26,305 GC heap before
{Heap before GC invocations=56 (full 0):
 garbage-first heap   total 954368K, used 872107K [0x0000000708e00000, 0x0000000800000000)
  region size 2048K, 168 young (344064K), 14 survivors (28672K)
 Metaspace       used 135275K, committed 136960K, reserved 1179648K
  class space    used 19871K, committed 20608K, reserved 1048576K
}
Event: 26,314 GC heap after
{Heap after GC invocations=57 (full 0):
 garbage-first heap   total 954368K, used 566281K [0x0000000708e00000, 0x0000000800000000)
  region size 2048K, 14 young (28672K), 14 survivors (28672K)
 Metaspace       used 135275K, committed 136960K, reserved 1179648K
  class space    used 19871K, committed 20608K, reserved 1048576K
}
Event: 28,447 GC heap before
{Heap before GC invocations=58 (full 0):
 garbage-first heap   total 954368K, used 873481K [0x0000000708e00000, 0x0000000800000000)
  region size 2048K, 165 young (337920K), 14 survivors (28672K)
 Metaspace       used 135501K, committed 137216K, reserved 1179648K
  class space    used 19873K, committed 20672K, reserved 1048576K
}
Event: 28,454 GC heap after
{Heap after GC invocations=59 (full 0):
 garbage-first heap   total 954368K, used 566840K [0x0000000708e00000, 0x0000000800000000)
  region size 2048K, 10 young (20480K), 10 survivors (20480K)
 Metaspace       used 135501K, committed 137216K, reserved 1179648K
  class space    used 19873K, committed 20672K, reserved 1048576K
}
Event: 31,335 GC heap before
{Heap before GC invocations=59 (full 0):
 garbage-first heap   total 954368K, used 880184K [0x0000000708e00000, 0x0000000800000000)
  region size 2048K, 164 young (335872K), 10 survivors (20480K)
 Metaspace       used 135712K, committed 137408K, reserved 1179648K
  class space    used 19893K, committed 20672K, reserved 1048576K
}
Event: 31,343 GC heap after
{Heap after GC invocations=60 (full 0):
 garbage-first heap   total 954368K, used 561768K [0x0000000708e00000, 0x0000000800000000)
  region size 2048K, 10 young (20480K), 10 survivors (20480K)
 Metaspace       used 135712K, committed 137408K, reserved 1179648K
  class space    used 19893K, committed 20672K, reserved 1048576K
}
Event: 33,338 GC heap before
{Heap before GC invocations=60 (full 0):
 garbage-first heap   total 954368K, used 881256K [0x0000000708e00000, 0x0000000800000000)
  region size 2048K, 167 young (342016K), 10 survivors (20480K)
 Metaspace       used 136080K, committed 137792K, reserved 1179648K
  class space    used 19941K, committed 20736K, reserved 1048576K
}
Event: 33,347 GC heap after
{Heap after GC invocations=61 (full 0):
 garbage-first heap   total 954368K, used 566869K [0x0000000708e00000, 0x0000000800000000)
  region size 2048K, 12 young (24576K), 12 survivors (24576K)
 Metaspace       used 136080K, committed 137792K, reserved 1179648K
  class space    used 19941K, committed 20736K, reserved 1048576K
}
Event: 34,244 GC heap before
{Heap before GC invocations=62 (full 0):
 garbage-first heap   total 954368K, used 878165K [0x0000000708e00000, 0x0000000800000000)
  region size 2048K, 165 young (337920K), 12 survivors (24576K)
 Metaspace       used 136263K, committed 137984K, reserved 1179648K
  class space    used 19964K, committed 20736K, reserved 1048576K
}
Event: 34,255 GC heap after
{Heap after GC invocations=63 (full 0):
 garbage-first heap   total 954368K, used 569659K [0x0000000708e00000, 0x0000000800000000)
  region size 2048K, 9 young (18432K), 9 survivors (18432K)
 Metaspace       used 136263K, committed 137984K, reserved 1179648K
  class space    used 19964K, committed 20736K, reserved 1048576K
}
Event: 34,335 GC heap before
{Heap before GC invocations=63 (full 0):
 garbage-first heap   total 954368K, used 883003K [0x0000000708e00000, 0x0000000800000000)
  region size 2048K, 163 young (333824K), 9 survivors (18432K)
 Metaspace       used 136290K, committed 137984K, reserved 1179648K
  class space    used 19964K, committed 20736K, reserved 1048576K
}
Event: 34,352 GC heap after
{Heap after GC invocations=64 (full 0):
 garbage-first heap   total 954368K, used 579447K [0x0000000708e00000, 0x0000000800000000)
  region size 2048K, 17 young (34816K), 17 survivors (34816K)
 Metaspace       used 136290K, committed 137984K, reserved 1179648K
  class space    used 19964K, committed 20736K, reserved 1048576K
}
Event: 34,409 GC heap before
{Heap before GC invocations=64 (full 0):
 garbage-first heap   total 954368K, used 866167K [0x0000000708e00000, 0x0000000800000000)
  region size 2048K, 158 young (323584K), 17 survivors (34816K)
 Metaspace       used 136306K, committed 137984K, reserved 1179648K
  class space    used 19965K, committed 20736K, reserved 1048576K
}
Event: 34,430 GC heap after
{Heap after GC invocations=65 (full 0):
 garbage-first heap   total 954368K, used 602781K [0x0000000708e00000, 0x0000000800000000)
  region size 2048K, 13 young (26624K), 13 survivors (26624K)
 Metaspace       used 136306K, committed 137984K, reserved 1179648K
  class space    used 19965K, committed 20736K, reserved 1048576K
}
Event: 34,493 GC heap before
{Heap before GC invocations=65 (full 0):
 garbage-first heap   total 954368K, used 875165K [0x0000000708e00000, 0x0000000800000000)
  region size 2048K, 147 young (301056K), 13 survivors (26624K)
 Metaspace       used 136335K, committed 138048K, reserved 1179648K
  class space    used 19970K, committed 20736K, reserved 1048576K
}
Event: 34,513 GC heap after
{Heap after GC invocations=66 (full 0):
 garbage-first heap   total 954368K, used 623857K [0x0000000708e00000, 0x0000000800000000)
  region size 2048K, 11 young (22528K), 11 survivors (22528K)
 Metaspace       used 136335K, committed 138048K, reserved 1179648K
  class space    used 19970K, committed 20736K, reserved 1048576K
}

