# JRE version: OpenJDK Runtime Environment Temurin-21.0.5+11 (21.0.5+11) (build 21.0.5+11-LTS)
# Java VM: OpenJDK 64-Bit Server VM Temurin-21.0.5+11 (21.0.5+11-LTS, mixed mode, sharing, tiered, compressed oops, compressed class ptrs, g1 gc, linux-amd64)
GC Precious Log:
 CardTable entry size: 512
 Card Set container configuration: InlinePtr #cards 4 size 8 Array Of Cards #cards 16 size 48 Howl #buckets 8 coarsen threshold 3686 Howl Bitmap #cards 512 size 80 coarsen threshold 460 Card regions per heap region 1 cards per card region 4096
 CPUs: 20 total, 20 available
 Memory: 15815M
 Large Page Support: Disabled
 NUMA Support: Disabled
 Compressed Oops: Enabled (Zero based)
 Heap Region Size: 2M
 Heap Min Capacity: 8M
 Heap Initial Capacity: 248M
 Heap Max Capacity: 3954M
 Pre-touch: Disabled
 Parallel Workers: 15
 Concurrent Workers: 4
 Concurrent Refinement Workers: 15
 Periodic GC: Disabled
Heap:
 garbage-first heap   total 1005568K, used 856614K [0x0000000708e00000, 0x0000000800000000)
  region size 2048K, 204 young (417792K), 4 survivors (8192K)
 Metaspace       used 134809K, committed 136512K, reserved 1179648K
  class space    used 19846K, committed 20608K, reserved 1048576K
GC Heap History (20 events):
Event: 85,312 GC heap before
{Heap before GC invocations=33 (full 0):
 garbage-first heap   total 636928K, used 559214K [0x0000000708e00000, 0x0000000800000000)
  region size 2048K, 133 young (272384K), 19 survivors (38912K)
 Metaspace       used 128289K, committed 129856K, reserved 1179648K
  class space    used 19231K, committed 19904K, reserved 1048576K
}
Event: 85,340 GC heap after
{Heap after GC invocations=34 (full 0):
 garbage-first heap   total 636928K, used 347908K [0x0000000708e00000, 0x0000000800000000)
  region size 2048K, 12 young (24576K), 12 survivors (24576K)
 Metaspace       used 128289K, committed 129856K, reserved 1179648K
  class space    used 19231K, committed 19904K, reserved 1048576K
}
Event: 85,749 GC heap before
{Heap before GC invocations=34 (full 0):
 garbage-first heap   total 636928K, used 571140K [0x0000000708e00000, 0x0000000800000000)
  region size 2048K, 122 young (249856K), 12 survivors (24576K)
 Metaspace       used 128705K, committed 130240K, reserved 1179648K
  class space    used 19272K, committed 19968K, reserved 1048576K
}
Event: 85,762 GC heap after
{Heap after GC invocations=35 (full 0):
 garbage-first heap   total 636928K, used 368349K [0x0000000708e00000, 0x0000000800000000)
  region size 2048K, 11 young (22528K), 11 survivors (22528K)
 Metaspace       used 128705K, committed 130240K, reserved 1179648K
  class space    used 19272K, committed 19968K, reserved 1048576K
}
Event: 86,058 GC heap before
{Heap before GC invocations=36 (full 0):
 garbage-first heap   total 636928K, used 575197K [0x0000000708e00000, 0x0000000800000000)
  region size 2048K, 113 young (231424K), 11 survivors (22528K)
 Metaspace       used 129046K, committed 130496K, reserved 1179648K
  class space    used 19304K, committed 19968K, reserved 1048576K
}
Event: 86,070 GC heap after
{Heap after GC invocations=37 (full 0):
 garbage-first heap   total 636928K, used 388322K [0x0000000708e00000, 0x0000000800000000)
  region size 2048K, 11 young (22528K), 11 survivors (22528K)
 Metaspace       used 129046K, committed 130496K, reserved 1179648K
  class space    used 19304K, committed 19968K, reserved 1048576K
}
Event: 86,259 GC heap before
{Heap before GC invocations=37 (full 0):
 garbage-first heap   total 636928K, used 574690K [0x0000000708e00000, 0x0000000800000000)
  region size 2048K, 103 young (210944K), 11 survivors (22528K)
 Metaspace       used 129811K, committed 131392K, reserved 1179648K
  class space    used 19426K, committed 20160K, reserved 1048576K
}
Event: 86,272 GC heap after
{Heap after GC invocations=38 (full 0):
 garbage-first heap   total 1005568K, used 400361K [0x0000000708e00000, 0x0000000800000000)
  region size 2048K, 8 young (16384K), 8 survivors (16384K)
 Metaspace       used 129811K, committed 131392K, reserved 1179648K
  class space    used 19426K, committed 20160K, reserved 1048576K
}
Event: 107,202 GC heap before
{Heap before GC invocations=38 (full 0):
 garbage-first heap   total 1005568K, used 883689K [0x0000000708e00000, 0x0000000800000000)
  region size 2048K, 245 young (501760K), 8 survivors (16384K)
 Metaspace       used 130363K, committed 131904K, reserved 1179648K
  class space    used 19434K, committed 20160K, reserved 1048576K
}
Event: 107,208 GC heap after
{Heap after GC invocations=39 (full 0):
 garbage-first heap   total 1005568K, used 404897K [0x0000000708e00000, 0x0000000800000000)
  region size 2048K, 11 young (22528K), 11 survivors (22528K)
 Metaspace       used 130363K, committed 131904K, reserved 1179648K
  class space    used 19434K, committed 20160K, reserved 1048576K
}
Event: 115,327 GC heap before
{Heap before GC invocations=40 (full 0):
 garbage-first heap   total 1005568K, used 937377K [0x0000000708e00000, 0x0000000800000000)
  region size 2048K, 254 young (520192K), 11 survivors (22528K)
 Metaspace       used 131345K, committed 132928K, reserved 1179648K
  class space    used 19517K, committed 20224K, reserved 1048576K
}
Event: 115,347 GC heap after
{Heap after GC invocations=41 (full 0):
 garbage-first heap   total 1005568K, used 453650K [0x0000000708e00000, 0x0000000800000000)
  region size 2048K, 28 young (57344K), 28 survivors (57344K)
 Metaspace       used 131345K, committed 132928K, reserved 1179648K
  class space    used 19517K, committed 20224K, reserved 1048576K
}
Event: 116,605 GC heap before
{Heap before GC invocations=41 (full 0):
 garbage-first heap   total 1005568K, used 891922K [0x0000000708e00000, 0x0000000800000000)
  region size 2048K, 243 young (497664K), 28 survivors (57344K)
 Metaspace       used 132399K, committed 134016K, reserved 1179648K
  class space    used 19633K, committed 20352K, reserved 1048576K
}
Event: 116,620 GC heap after
{Heap after GC invocations=42 (full 0):
 garbage-first heap   total 1005568K, used 455308K [0x0000000708e00000, 0x0000000800000000)
  region size 2048K, 4 young (8192K), 4 survivors (8192K)
 Metaspace       used 132399K, committed 134016K, reserved 1179648K
  class space    used 19633K, committed 20352K, reserved 1048576K
}
Event: 120,106 GC heap before
{Heap before GC invocations=42 (full 0):
 garbage-first heap   total 1005568K, used 926348K [0x0000000708e00000, 0x0000000800000000)
  region size 2048K, 235 young (481280K), 4 survivors (8192K)
 Metaspace       used 133444K, committed 135104K, reserved 1179648K
  class space    used 19740K, committed 20480K, reserved 1048576K
}
Event: 120,109 GC heap after
{Heap after GC invocations=43 (full 0):
 garbage-first heap   total 1005568K, used 451303K [0x0000000708e00000, 0x0000000800000000)
  region size 2048K, 2 young (4096K), 2 survivors (4096K)
 Metaspace       used 133444K, committed 135104K, reserved 1179648K
  class space    used 19740K, committed 20480K, reserved 1048576K
}
Event: 126,966 GC heap before
{Heap before GC invocations=44 (full 0):
 garbage-first heap   total 1005568K, used 940775K [0x0000000708e00000, 0x0000000800000000)
  region size 2048K, 242 young (495616K), 2 survivors (4096K)
 Metaspace       used 134095K, committed 135808K, reserved 1179648K
  class space    used 19787K, committed 20544K, reserved 1048576K
}
Event: 126,969 GC heap after
{Heap after GC invocations=45 (full 0):
 garbage-first heap   total 1005568K, used 454176K [0x0000000708e00000, 0x0000000800000000)
  region size 2048K, 4 young (8192K), 4 survivors (8192K)
 Metaspace       used 134095K, committed 135808K, reserved 1179648K
  class space    used 19787K, committed 20544K, reserved 1048576K
}
Event: 136,054 GC heap before
{Heap before GC invocations=45 (full 0):
 garbage-first heap   total 1005568K, used 941600K [0x0000000708e00000, 0x0000000800000000)
  region size 2048K, 242 young (495616K), 4 survivors (8192K)
 Metaspace       used 134398K, committed 136064K, reserved 1179648K
  class space    used 19791K, committed 20544K, reserved 1048576K
}
Event: 136,058 GC heap after
{Heap after GC invocations=46 (full 0):
 garbage-first heap   total 1005568K, used 451110K [0x0000000708e00000, 0x0000000800000000)
  region size 2048K, 4 young (8192K), 4 survivors (8192K)
 Metaspace       used 134398K, committed 136064K, reserved 1179648K
  class space    used 19791K, committed 20544K, reserved 1048576K
}

