# JRE version: OpenJDK Runtime Environment Temurin-21.0.5+11 (21.0.5+11) (build 21.0.5+11-LTS)
# Java VM: OpenJDK 64-Bit Server VM Temurin-21.0.5+11 (21.0.5+11-LTS, mixed mode, sharing, tiered, compressed oops, compressed class ptrs, g1 gc, linux-amd64)
GC Precious Log:
 CardTable entry size: 512
 Card Set container configuration: InlinePtr #cards 4 size 8 Array Of Cards #cards 16 size 48 Howl #buckets 8 coarsen threshold 3686 Howl Bitmap #cards 512 size 80 coarsen threshold 460 Card regions per heap region 1 cards per card region 4096
 CPUs: 20 total, 20 available
 Memory: 15815M
 Large Page Support: Disabled
 NUMA Support: Disabled
 Compressed Oops: Enabled (Zero based)
 Heap Region Size: 2M
 Heap Min Capacity: 8M
 Heap Initial Capacity: 248M
 Heap Max Capacity: 3954M
 Pre-touch: Disabled
 Parallel Workers: 15
 Concurrent Workers: 4
 Concurrent Refinement Workers: 15
 Periodic GC: Disabled
Heap:
 garbage-first heap   total 917504K, used 592677K [0x0000000708e00000, 0x0000000800000000)
  region size 2048K, 49 young (100352K), 22 survivors (45056K)
 Metaspace       used 134782K, committed 136320K, reserved 1179648K
  class space    used 19790K, committed 20480K, reserved 1048576K
GC Heap History (20 events):
Event: 41,365 GC heap before
{Heap before GC invocations=41 (full 0):
 garbage-first heap   total 917504K, used 814912K [0x0000000708e00000, 0x0000000800000000)
  region size 2048K, 186 young (380928K), 7 survivors (14336K)
 Metaspace       used 131066K, committed 132608K, reserved 1179648K
  class space    used 19461K, committed 20160K, reserved 1048576K
}
Event: 41,374 GC heap after
{Heap after GC invocations=42 (full 0):
 garbage-first heap   total 917504K, used 464385K [0x0000000708e00000, 0x0000000800000000)
  region size 2048K, 14 young (28672K), 14 survivors (28672K)
 Metaspace       used 131066K, committed 132608K, reserved 1179648K
  class space    used 19461K, committed 20160K, reserved 1048576K
}
Event: 41,941 GC heap before
{Heap before GC invocations=42 (full 0):
 garbage-first heap   total 917504K, used 824833K [0x0000000708e00000, 0x0000000800000000)
  region size 2048K, 191 young (391168K), 14 survivors (28672K)
 Metaspace       used 131287K, committed 132800K, reserved 1179648K
  class space    used 19476K, committed 20160K, reserved 1048576K
}
Event: 41,954 GC heap after
{Heap after GC invocations=43 (full 0):
 garbage-first heap   total 917504K, used 470526K [0x0000000708e00000, 0x0000000800000000)
  region size 2048K, 16 young (32768K), 16 survivors (32768K)
 Metaspace       used 131287K, committed 132800K, reserved 1179648K
  class space    used 19476K, committed 20160K, reserved 1048576K
}
Event: 43,013 GC heap before
{Heap before GC invocations=43 (full 0):
 garbage-first heap   total 917504K, used 833022K [0x0000000708e00000, 0x0000000800000000)
  region size 2048K, 194 young (397312K), 16 survivors (32768K)
 Metaspace       used 131737K, committed 133248K, reserved 1179648K
  class space    used 19483K, committed 20160K, reserved 1048576K
}
Event: 43,021 GC heap after
{Heap after GC invocations=44 (full 0):
 garbage-first heap   total 917504K, used 472829K [0x0000000708e00000, 0x0000000800000000)
  region size 2048K, 10 young (20480K), 10 survivors (20480K)
 Metaspace       used 131737K, committed 133248K, reserved 1179648K
  class space    used 19483K, committed 20160K, reserved 1048576K
}
Event: 46,220 GC heap before
{Heap before GC invocations=45 (full 0):
 garbage-first heap   total 917504K, used 843517K [0x0000000708e00000, 0x0000000800000000)
  region size 2048K, 192 young (393216K), 10 survivors (20480K)
 Metaspace       used 132293K, committed 133760K, reserved 1179648K
  class space    used 19490K, committed 20160K, reserved 1048576K
}
Event: 46,226 GC heap after
{Heap after GC invocations=46 (full 0):
 garbage-first heap   total 917504K, used 472058K [0x0000000708e00000, 0x0000000800000000)
  region size 2048K, 9 young (18432K), 9 survivors (18432K)
 Metaspace       used 132293K, committed 133760K, reserved 1179648K
  class space    used 19490K, committed 20160K, reserved 1048576K
}
Event: 49,596 GC heap before
{Heap before GC invocations=46 (full 0):
 garbage-first heap   total 917504K, used 848890K [0x0000000708e00000, 0x0000000800000000)
  region size 2048K, 193 young (395264K), 9 survivors (18432K)
 Metaspace       used 132516K, committed 134016K, reserved 1179648K
  class space    used 19507K, committed 20160K, reserved 1048576K
}
Event: 49,603 GC heap after
{Heap after GC invocations=47 (full 0):
 garbage-first heap   total 917504K, used 468871K [0x0000000708e00000, 0x0000000800000000)
  region size 2048K, 10 young (20480K), 10 survivors (20480K)
 Metaspace       used 132516K, committed 134016K, reserved 1179648K
  class space    used 19507K, committed 20160K, reserved 1048576K
}
Event: 50,967 GC heap before
{Heap before GC invocations=47 (full 0):
 garbage-first heap   total 917504K, used 843655K [0x0000000708e00000, 0x0000000800000000)
  region size 2048K, 194 young (397312K), 10 survivors (20480K)
 Metaspace       used 132717K, committed 134208K, reserved 1179648K
  class space    used 19529K, committed 20224K, reserved 1048576K
}
Event: 50,976 GC heap after
{Heap after GC invocations=48 (full 0):
 garbage-first heap   total 917504K, used 476387K [0x0000000708e00000, 0x0000000800000000)
  region size 2048K, 13 young (26624K), 13 survivors (26624K)
 Metaspace       used 132717K, committed 134208K, reserved 1179648K
  class space    used 19529K, committed 20224K, reserved 1048576K
}
Event: 53,099 GC heap before
{Heap before GC invocations=49 (full 0):
 garbage-first heap   total 917504K, used 838883K [0x0000000708e00000, 0x0000000800000000)
  region size 2048K, 191 young (391168K), 13 survivors (26624K)
 Metaspace       used 132990K, committed 134528K, reserved 1179648K
  class space    used 19550K, committed 20224K, reserved 1048576K
}
Event: 53,109 GC heap after
{Heap after GC invocations=50 (full 0):
 garbage-first heap   total 917504K, used 483067K [0x0000000708e00000, 0x0000000800000000)
  region size 2048K, 17 young (34816K), 17 survivors (34816K)
 Metaspace       used 132990K, committed 134528K, reserved 1179648K
  class space    used 19550K, committed 20224K, reserved 1048576K
}
Event: 53,975 GC heap before
{Heap before GC invocations=50 (full 0):
 garbage-first heap   total 917504K, used 829179K [0x0000000708e00000, 0x0000000800000000)
  region size 2048K, 187 young (382976K), 17 survivors (34816K)
 Metaspace       used 134111K, committed 135680K, reserved 1179648K
  class space    used 19721K, committed 20416K, reserved 1048576K
}
Event: 53,992 GC heap after
{Heap after GC invocations=51 (full 0):
 garbage-first heap   total 917504K, used 495132K [0x0000000708e00000, 0x0000000800000000)
  region size 2048K, 17 young (34816K), 17 survivors (34816K)
 Metaspace       used 134111K, committed 135680K, reserved 1179648K
  class space    used 19721K, committed 20416K, reserved 1048576K
}
Event: 54,475 GC heap before
{Heap before GC invocations=51 (full 0):
 garbage-first heap   total 917504K, used 831004K [0x0000000708e00000, 0x0000000800000000)
  region size 2048K, 182 young (372736K), 17 survivors (34816K)
 Metaspace       used 134639K, committed 136192K, reserved 1179648K
  class space    used 19770K, committed 20480K, reserved 1048576K
}
Event: 54,493 GC heap after
{Heap after GC invocations=52 (full 0):
 garbage-first heap   total 917504K, used 510305K [0x0000000708e00000, 0x0000000800000000)
  region size 2048K, 17 young (34816K), 17 survivors (34816K)
 Metaspace       used 134639K, committed 136192K, reserved 1179648K
  class space    used 19770K, committed 20480K, reserved 1048576K
}
Event: 54,599 GC heap before
{Heap before GC invocations=52 (full 0):
 garbage-first heap   total 917504K, used 829793K [0x0000000708e00000, 0x0000000800000000)
  region size 2048K, 174 young (356352K), 17 survivors (34816K)
 Metaspace       used 134671K, committed 136192K, reserved 1179648K
  class space    used 19771K, committed 20480K, reserved 1048576K
}
Event: 54,626 GC heap after
{Heap after GC invocations=53 (full 0):
 garbage-first heap   total 917504K, used 541477K [0x0000000708e00000, 0x0000000800000000)
  region size 2048K, 22 young (45056K), 22 survivors (45056K)
 Metaspace       used 134671K, committed 136192K, reserved 1179648K
  class space    used 19771K, committed 20480K, reserved 1048576K
}

