# JRE version: OpenJDK Runtime Environment Temurin-21.0.5+11 (21.0.5+11) (build 21.0.5+11-LTS)
# Java VM: OpenJDK 64-Bit Server VM Temurin-21.0.5+11 (21.0.5+11-LTS, mixed mode, sharing, tiered, compressed oops, compressed class ptrs, g1 gc, linux-amd64)
GC Precious Log:
 CardTable entry size: 512
 Card Set container configuration: InlinePtr #cards 4 size 8 Array Of Cards #cards 16 size 48 Howl #buckets 8 coarsen threshold 3686 Howl Bitmap #cards 512 size 80 coarsen threshold 460 Card regions per heap region 1 cards per card region 4096
 CPUs: 20 total, 20 available
 Memory: 15815M
 Large Page Support: Disabled
 NUMA Support: Disabled
 Compressed Oops: Enabled (Zero based)
 Heap Region Size: 2M
 Heap Min Capacity: 8M
 Heap Initial Capacity: 248M
 Heap Max Capacity: 3954M
 Pre-touch: Disabled
 Parallel Workers: 15
 Concurrent Workers: 4
 Concurrent Refinement Workers: 15
 Periodic GC: Disabled
Heap:
 garbage-first heap   total 956416K, used 756727K [0x0000000708e00000, 0x0000000800000000)
  region size 2048K, 166 young (339968K), 13 survivors (26624K)
 Metaspace       used 133188K, committed 134656K, reserved 1179648K
  class space    used 19571K, committed 20224K, reserved 1048576K
GC Heap History (20 events):
Event: 18,747 GC heap before
{Heap before GC invocations=36 (full 0):
 garbage-first heap   total 565248K, used 511757K [0x0000000708e00000, 0x0000000800000000)
  region size 2048K, 95 young (194560K), 9 survivors (18432K)
 Metaspace       used 128075K, committed 129536K, reserved 1179648K
  class space    used 19162K, committed 19840K, reserved 1048576K
}
Event: 18,761 GC heap after
{Heap after GC invocations=37 (full 0):
 garbage-first heap   total 714752K, used 355919K [0x0000000708e00000, 0x0000000800000000)
  region size 2048K, 10 young (20480K), 10 survivors (20480K)
 Metaspace       used 128075K, committed 129536K, reserved 1179648K
  class space    used 19162K, committed 19840K, reserved 1048576K
}
Event: 19,753 GC heap before
{Heap before GC invocations=38 (full 0):
 garbage-first heap   total 714752K, used 636495K [0x0000000708e00000, 0x0000000800000000)
  region size 2048K, 148 young (303104K), 10 survivors (20480K)
 Metaspace       used 129396K, committed 130880K, reserved 1179648K
  class space    used 19299K, committed 19968K, reserved 1048576K
}
Event: 19,767 GC heap after
{Heap after GC invocations=39 (full 0):
 garbage-first heap   total 714752K, used 374620K [0x0000000708e00000, 0x0000000800000000)
  region size 2048K, 19 young (38912K), 19 survivors (38912K)
 Metaspace       used 129396K, committed 130880K, reserved 1179648K
  class space    used 19299K, committed 19968K, reserved 1048576K
}
Event: 20,348 GC heap before
{Heap before GC invocations=39 (full 0):
 garbage-first heap   total 714752K, used 634716K [0x0000000708e00000, 0x0000000800000000)
  region size 2048K, 147 young (301056K), 19 survivors (38912K)
 Metaspace       used 130282K, committed 131840K, reserved 1179648K
  class space    used 19387K, committed 20096K, reserved 1048576K
}
Event: 20,369 GC heap after
{Heap after GC invocations=40 (full 0):
 garbage-first heap   total 714752K, used 390257K [0x0000000708e00000, 0x0000000800000000)
  region size 2048K, 13 young (26624K), 13 survivors (26624K)
 Metaspace       used 130282K, committed 131840K, reserved 1179648K
  class space    used 19387K, committed 20096K, reserved 1048576K
}
Event: 20,745 GC heap before
{Heap before GC invocations=40 (full 0):
 garbage-first heap   total 714752K, used 642161K [0x0000000708e00000, 0x0000000800000000)
  region size 2048K, 137 young (280576K), 13 survivors (26624K)
 Metaspace       used 130618K, committed 132160K, reserved 1179648K
  class space    used 19400K, committed 20096K, reserved 1048576K
}
Event: 20,758 GC heap after
{Heap after GC invocations=41 (full 0):
 garbage-first heap   total 714752K, used 407081K [0x0000000708e00000, 0x0000000800000000)
  region size 2048K, 9 young (18432K), 9 survivors (18432K)
 Metaspace       used 130618K, committed 132160K, reserved 1179648K
  class space    used 19400K, committed 20096K, reserved 1048576K
}
Event: 21,175 GC heap before
{Heap before GC invocations=42 (full 0):
 garbage-first heap   total 714752K, used 648745K [0x0000000708e00000, 0x0000000800000000)
  region size 2048K, 128 young (262144K), 9 survivors (18432K)
 Metaspace       used 130766K, committed 132288K, reserved 1179648K
  class space    used 19405K, committed 20096K, reserved 1048576K
}
Event: 21,186 GC heap after
{Heap after GC invocations=43 (full 0):
 garbage-first heap   total 714752K, used 417974K [0x0000000708e00000, 0x0000000800000000)
  region size 2048K, 15 young (30720K), 15 survivors (30720K)
 Metaspace       used 130766K, committed 132288K, reserved 1179648K
  class space    used 19405K, committed 20096K, reserved 1048576K
}
Event: 21,473 GC heap before
{Heap before GC invocations=43 (full 0):
 garbage-first heap   total 714752K, used 641206K [0x0000000708e00000, 0x0000000800000000)
  region size 2048K, 125 young (256000K), 15 survivors (30720K)
 Metaspace       used 130891K, committed 132416K, reserved 1179648K
  class space    used 19413K, committed 20096K, reserved 1048576K
}
Event: 21,488 GC heap after
{Heap after GC invocations=44 (full 0):
 garbage-first heap   total 714752K, used 426555K [0x0000000708e00000, 0x0000000800000000)
  region size 2048K, 15 young (30720K), 15 survivors (30720K)
 Metaspace       used 130891K, committed 132416K, reserved 1179648K
  class space    used 19413K, committed 20096K, reserved 1048576K
}
Event: 21,769 GC heap before
{Heap before GC invocations=44 (full 0):
 garbage-first heap   total 714752K, used 641595K [0x0000000708e00000, 0x0000000800000000)
  region size 2048K, 121 young (247808K), 15 survivors (30720K)
 Metaspace       used 131010K, committed 132480K, reserved 1179648K
  class space    used 19417K, committed 20096K, reserved 1048576K
}
Event: 21,781 GC heap after
{Heap after GC invocations=45 (full 0):
 garbage-first heap   total 714752K, used 438752K [0x0000000708e00000, 0x0000000800000000)
  region size 2048K, 14 young (28672K), 14 survivors (28672K)
 Metaspace       used 131010K, committed 132480K, reserved 1179648K
  class space    used 19417K, committed 20096K, reserved 1048576K
}
Event: 22,012 GC heap before
{Heap before GC invocations=45 (full 0):
 garbage-first heap   total 737280K, used 643552K [0x0000000708e00000, 0x0000000800000000)
  region size 2048K, 115 young (235520K), 14 survivors (28672K)
 Metaspace       used 131083K, committed 132544K, reserved 1179648K
  class space    used 19418K, committed 20096K, reserved 1048576K
}
Event: 22,028 GC heap after
{Heap after GC invocations=46 (full 0):
 garbage-first heap   total 956416K, used 453681K [0x0000000708e00000, 0x0000000800000000)
  region size 2048K, 14 young (28672K), 14 survivors (28672K)
 Metaspace       used 131083K, committed 132544K, reserved 1179648K
  class space    used 19418K, committed 20096K, reserved 1048576K
}
Event: 24,364 GC heap before
{Heap before GC invocations=47 (full 0):
 garbage-first heap   total 956416K, used 865329K [0x0000000708e00000, 0x0000000800000000)
  region size 2048K, 216 young (442368K), 14 survivors (28672K)
 Metaspace       used 131819K, committed 133312K, reserved 1179648K
  class space    used 19440K, committed 20096K, reserved 1048576K
}
Event: 24,371 GC heap after
{Heap after GC invocations=48 (full 0):
 garbage-first heap   total 956416K, used 449463K [0x0000000708e00000, 0x0000000800000000)
  region size 2048K, 12 young (24576K), 12 survivors (24576K)
 Metaspace       used 131819K, committed 133312K, reserved 1179648K
  class space    used 19440K, committed 20096K, reserved 1048576K
}
Event: 28,439 GC heap before
{Heap before GC invocations=48 (full 0):
 garbage-first heap   total 956416K, used 879543K [0x0000000708e00000, 0x0000000800000000)
  region size 2048K, 223 young (456704K), 12 survivors (24576K)
 Metaspace       used 132421K, committed 133952K, reserved 1179648K
  class space    used 19464K, committed 20160K, reserved 1048576K
}
Event: 28,449 GC heap after
{Heap after GC invocations=49 (full 0):
 garbage-first heap   total 956416K, used 447479K [0x0000000708e00000, 0x0000000800000000)
  region size 2048K, 13 young (26624K), 13 survivors (26624K)
 Metaspace       used 132421K, committed 133952K, reserved 1179648K
  class space    used 19464K, committed 20160K, reserved 1048576K
}

