# JRE version: OpenJDK Runtime Environment Temurin-21.0.5+11 (21.0.5+11) (build 21.0.5+11-LTS)
# Java VM: OpenJDK 64-Bit Server VM Temurin-21.0.5+11 (21.0.5+11-LTS, mixed mode, sharing, tiered, compressed oops, compressed class ptrs, g1 gc, linux-amd64)
GC Precious Log:
 CardTable entry size: 512
 Card Set container configuration: InlinePtr #cards 4 size 8 Array Of Cards #cards 16 size 48 Howl #buckets 8 coarsen threshold 3686 Howl Bitmap #cards 512 size 80 coarsen threshold 460 Card regions per heap region 1 cards per card region 4096
 CPUs: 20 total, 20 available
 Memory: 15815M
 Large Page Support: Disabled
 NUMA Support: Disabled
 Compressed Oops: Enabled (Zero based)
 Heap Region Size: 2M
 Heap Min Capacity: 8M
 Heap Initial Capacity: 248M
 Heap Max Capacity: 3954M
 Pre-touch: Disabled
 Parallel Workers: 15
 Concurrent Workers: 4
 Concurrent Refinement Workers: 15
 Periodic GC: Disabled
Heap:
 garbage-first heap   total 1048576K, used 803505K [0x0000000708e00000, 0x0000000800000000)
  region size 2048K, 180 young (368640K), 8 survivors (16384K)
 Metaspace       used 133225K, committed 134784K, reserved 1179648K
  class space    used 19576K, committed 20288K, reserved 1048576K
GC Heap History (20 events):
Event: 18,806 GC heap before
{Heap before GC invocations=32 (full 0):
 garbage-first heap   total 620544K, used 555083K [0x0000000708e00000, 0x0000000800000000)
  region size 2048K, 119 young (243712K), 13 survivors (26624K)
 Metaspace       used 128495K, committed 129984K, reserved 1179648K
  class space    used 19171K, committed 19840K, reserved 1048576K
}
Event: 18,822 GC heap after
{Heap after GC invocations=33 (full 0):
 garbage-first heap   total 620544K, used 358067K [0x0000000708e00000, 0x0000000800000000)
  region size 2048K, 10 young (20480K), 10 survivors (20480K)
 Metaspace       used 128495K, committed 129984K, reserved 1179648K
  class space    used 19171K, committed 19840K, reserved 1048576K
}
Event: 19,408 GC heap before
{Heap before GC invocations=34 (full 0):
 garbage-first heap   total 620544K, used 560819K [0x0000000708e00000, 0x0000000800000000)
  region size 2048K, 110 young (225280K), 10 survivors (20480K)
 Metaspace       used 128863K, committed 130368K, reserved 1179648K
  class space    used 19210K, committed 19904K, reserved 1048576K
}
Event: 19,421 GC heap after
{Heap after GC invocations=35 (full 0):
 garbage-first heap   total 620544K, used 375338K [0x0000000708e00000, 0x0000000800000000)
  region size 2048K, 9 young (18432K), 9 survivors (18432K)
 Metaspace       used 128863K, committed 130368K, reserved 1179648K
  class space    used 19210K, committed 19904K, reserved 1048576K
}
Event: 19,918 GC heap before
{Heap before GC invocations=35 (full 0):
 garbage-first heap   total 620544K, used 565802K [0x0000000708e00000, 0x0000000800000000)
  region size 2048K, 103 young (210944K), 9 survivors (18432K)
 Metaspace       used 129555K, committed 131072K, reserved 1179648K
  class space    used 19291K, committed 19968K, reserved 1048576K
}
Event: 19,936 GC heap after
{Heap after GC invocations=36 (full 0):
 garbage-first heap   total 745472K, used 394972K [0x0000000708e00000, 0x0000000800000000)
  region size 2048K, 13 young (26624K), 13 survivors (26624K)
 Metaspace       used 129555K, committed 131072K, reserved 1179648K
  class space    used 19291K, committed 19968K, reserved 1048576K
}
Event: 20,805 GC heap before
{Heap before GC invocations=36 (full 0):
 garbage-first heap   total 745472K, used 650972K [0x0000000708e00000, 0x0000000800000000)
  region size 2048K, 139 young (284672K), 13 survivors (26624K)
 Metaspace       used 130489K, committed 132032K, reserved 1179648K
  class space    used 19379K, committed 20096K, reserved 1048576K
}
Event: 20,819 GC heap after
{Heap after GC invocations=37 (full 0):
 garbage-first heap   total 745472K, used 412176K [0x0000000708e00000, 0x0000000800000000)
  region size 2048K, 14 young (28672K), 14 survivors (28672K)
 Metaspace       used 130489K, committed 132032K, reserved 1179648K
  class space    used 19379K, committed 20096K, reserved 1048576K
}
Event: 21,120 GC heap before
{Heap before GC invocations=37 (full 0):
 garbage-first heap   total 745472K, used 657936K [0x0000000708e00000, 0x0000000800000000)
  region size 2048K, 135 young (276480K), 14 survivors (28672K)
 Metaspace       used 130767K, committed 132288K, reserved 1179648K
  class space    used 19396K, committed 20096K, reserved 1048576K
}
Event: 21,133 GC heap after
{Heap after GC invocations=38 (full 0):
 garbage-first heap   total 745472K, used 425593K [0x0000000708e00000, 0x0000000800000000)
  region size 2048K, 10 young (20480K), 10 survivors (20480K)
 Metaspace       used 130767K, committed 132288K, reserved 1179648K
  class space    used 19396K, committed 20096K, reserved 1048576K
}
Event: 21,402 GC heap before
{Heap before GC invocations=38 (full 0):
 garbage-first heap   total 745472K, used 667257K [0x0000000708e00000, 0x0000000800000000)
  region size 2048K, 129 young (264192K), 10 survivors (20480K)
 Metaspace       used 130933K, committed 132480K, reserved 1179648K
  class space    used 19411K, committed 20096K, reserved 1048576K
}
Event: 21,413 GC heap after
{Heap after GC invocations=39 (full 0):
 garbage-first heap   total 745472K, used 439977K [0x0000000708e00000, 0x0000000800000000)
  region size 2048K, 17 young (34816K), 17 survivors (34816K)
 Metaspace       used 130933K, committed 132480K, reserved 1179648K
  class space    used 19411K, committed 20096K, reserved 1048576K
}
Event: 21,776 GC heap before
{Heap before GC invocations=40 (full 0):
 garbage-first heap   total 745472K, used 667305K [0x0000000708e00000, 0x0000000800000000)
  region size 2048K, 129 young (264192K), 17 survivors (34816K)
 Metaspace       used 131073K, committed 132672K, reserved 1179648K
  class space    used 19423K, committed 20160K, reserved 1048576K
}
Event: 21,789 GC heap after
{Heap after GC invocations=41 (full 0):
 garbage-first heap   total 745472K, used 448383K [0x0000000708e00000, 0x0000000800000000)
  region size 2048K, 13 young (26624K), 13 survivors (26624K)
 Metaspace       used 131073K, committed 132672K, reserved 1179648K
  class space    used 19423K, committed 20160K, reserved 1048576K
}
Event: 22,079 GC heap before
{Heap before GC invocations=41 (full 0):
 garbage-first heap   total 745472K, used 675711K [0x0000000708e00000, 0x0000000800000000)
  region size 2048K, 125 young (256000K), 13 survivors (26624K)
 Metaspace       used 131228K, committed 132864K, reserved 1179648K
  class space    used 19424K, committed 20160K, reserved 1048576K
}
Event: 22,092 GC heap after
{Heap after GC invocations=42 (full 0):
 garbage-first heap   total 745472K, used 454134K [0x0000000708e00000, 0x0000000800000000)
  region size 2048K, 12 young (24576K), 12 survivors (24576K)
 Metaspace       used 131228K, committed 132864K, reserved 1179648K
  class space    used 19424K, committed 20160K, reserved 1048576K
}
Event: 22,837 GC heap before
{Heap before GC invocations=42 (full 0):
 garbage-first heap   total 745472K, used 677366K [0x0000000708e00000, 0x0000000800000000)
  region size 2048K, 122 young (249856K), 12 survivors (24576K)
 Metaspace       used 131494K, committed 133056K, reserved 1179648K
  class space    used 19427K, committed 20160K, reserved 1048576K
}
Event: 22,844 GC heap after
{Heap after GC invocations=43 (full 0):
 garbage-first heap   total 1048576K, used 454276K [0x0000000708e00000, 0x0000000800000000)
  region size 2048K, 7 young (14336K), 7 survivors (14336K)
 Metaspace       used 131494K, committed 133056K, reserved 1179648K
  class space    used 19427K, committed 20160K, reserved 1048576K
}
Event: 28,032 GC heap before
{Heap before GC invocations=44 (full 0):
 garbage-first heap   total 1048576K, used 925316K [0x0000000708e00000, 0x0000000800000000)
  region size 2048K, 238 young (487424K), 7 survivors (14336K)
 Metaspace       used 132441K, committed 134016K, reserved 1179648K
  class space    used 19478K, committed 20224K, reserved 1048576K
}
Event: 28,036 GC heap after
{Heap after GC invocations=45 (full 0):
 garbage-first heap   total 1048576K, used 455345K [0x0000000708e00000, 0x0000000800000000)
  region size 2048K, 8 young (16384K), 8 survivors (16384K)
 Metaspace       used 132441K, committed 134016K, reserved 1179648K
  class space    used 19478K, committed 20224K, reserved 1048576K
}

