# JRE version: OpenJDK Runtime Environment Temurin-21.0.5+11 (21.0.5+11) (build 21.0.5+11-LTS)
# Java VM: OpenJDK 64-Bit Server VM Temurin-21.0.5+11 (21.0.5+11-LTS, mixed mode, sharing, tiered, compressed oops, compressed class ptrs, g1 gc, linux-amd64)
GC Precious Log:
 CardTable entry size: 512
 Card Set container configuration: InlinePtr #cards 4 size 8 Array Of Cards #cards 16 size 48 Howl #buckets 8 coarsen threshold 3686 Howl Bitmap #cards 512 size 80 coarsen threshold 460 Card regions per heap region 1 cards per card region 4096
 CPUs: 20 total, 20 available
 Memory: 15815M
 Large Page Support: Disabled
 NUMA Support: Disabled
 Compressed Oops: Enabled (Zero based)
 Heap Region Size: 2M
 Heap Min Capacity: 8M
 Heap Initial Capacity: 248M
 Heap Max Capacity: 3954M
 Pre-touch: Disabled
 Parallel Workers: 15
 Concurrent Workers: 4
 Concurrent Refinement Workers: 15
 Periodic GC: Disabled
Heap:
 garbage-first heap   total 909312K, used 760234K [0x0000000708e00000, 0x0000000800000000)
  region size 2048K, 160 young (327680K), 9 survivors (18432K)
 Metaspace       used 132506K, committed 134080K, reserved 1179648K
  class space    used 19547K, committed 20288K, reserved 1048576K
GC Heap History (20 events):
Event: 11,904 GC heap before
{Heap before GC invocations=26 (full 0):
 garbage-first heap   total 700416K, used 626436K [0x0000000708e00000, 0x0000000800000000)
  region size 2048K, 190 young (389120K), 16 survivors (32768K)
 Metaspace       used 110249K, committed 111552K, reserved 1179648K
  class space    used 16595K, committed 17216K, reserved 1048576K
}
Event: 11,919 GC heap after
{Heap after GC invocations=27 (full 0):
 garbage-first heap   total 700416K, used 281519K [0x0000000708e00000, 0x0000000800000000)
  region size 2048K, 11 young (22528K), 11 survivors (22528K)
 Metaspace       used 110249K, committed 111552K, reserved 1179648K
  class space    used 16595K, committed 17216K, reserved 1048576K
}
Event: 12,538 GC heap before
{Heap before GC invocations=27 (full 0):
 garbage-first heap   total 700416K, used 498607K [0x0000000708e00000, 0x0000000800000000)
  region size 2048K, 119 young (243712K), 11 survivors (22528K)
 Metaspace       used 119105K, committed 120512K, reserved 1179648K
  class space    used 17793K, committed 18432K, reserved 1048576K
}
Event: 12,549 GC heap after
{Heap after GC invocations=28 (full 0):
 garbage-first heap   total 700416K, used 291471K [0x0000000708e00000, 0x0000000800000000)
  region size 2048K, 16 young (32768K), 16 survivors (32768K)
 Metaspace       used 119105K, committed 120512K, reserved 1179648K
  class space    used 17793K, committed 18432K, reserved 1048576K
}
Event: 13,764 GC heap before
{Heap before GC invocations=29 (full 0):
 garbage-first heap   total 700416K, used 639631K [0x0000000708e00000, 0x0000000800000000)
  region size 2048K, 180 young (368640K), 16 survivors (32768K)
 Metaspace       used 127254K, committed 128704K, reserved 1179648K
  class space    used 19099K, committed 19776K, reserved 1048576K
}
Event: 13,803 GC heap after
{Heap after GC invocations=30 (full 0):
 garbage-first heap   total 708608K, used 337101K [0x0000000708e00000, 0x0000000800000000)
  region size 2048K, 23 young (47104K), 23 survivors (47104K)
 Metaspace       used 127254K, committed 128704K, reserved 1179648K
  class space    used 19099K, committed 19776K, reserved 1048576K
}
Event: 14,274 GC heap before
{Heap before GC invocations=30 (full 0):
 garbage-first heap   total 708608K, used 619725K [0x0000000708e00000, 0x0000000800000000)
  region size 2048K, 162 young (331776K), 23 survivors (47104K)
 Metaspace       used 128248K, committed 129792K, reserved 1179648K
  class space    used 19182K, committed 19904K, reserved 1048576K
}
Event: 14,301 GC heap after
{Heap after GC invocations=31 (full 0):
 garbage-first heap   total 708608K, used 361884K [0x0000000708e00000, 0x0000000800000000)
  region size 2048K, 15 young (30720K), 15 survivors (30720K)
 Metaspace       used 128248K, committed 129792K, reserved 1179648K
  class space    used 19182K, committed 19904K, reserved 1048576K
}
Event: 14,670 GC heap before
{Heap before GC invocations=31 (full 0):
 garbage-first heap   total 708608K, used 632220K [0x0000000708e00000, 0x0000000800000000)
  region size 2048K, 148 young (303104K), 15 survivors (30720K)
 Metaspace       used 129047K, committed 130624K, reserved 1179648K
  class space    used 19264K, committed 19968K, reserved 1048576K
}
Event: 14,683 GC heap after
{Heap after GC invocations=32 (full 0):
 garbage-first heap   total 708608K, used 382526K [0x0000000708e00000, 0x0000000800000000)
  region size 2048K, 11 young (22528K), 11 survivors (22528K)
 Metaspace       used 129047K, committed 130624K, reserved 1179648K
  class space    used 19264K, committed 19968K, reserved 1048576K
}
Event: 15,062 GC heap before
{Heap before GC invocations=33 (full 0):
 garbage-first heap   total 708608K, used 636478K [0x0000000708e00000, 0x0000000800000000)
  region size 2048K, 136 young (278528K), 11 survivors (22528K)
 Metaspace       used 129575K, committed 131072K, reserved 1179648K
  class space    used 19325K, committed 20032K, reserved 1048576K
}
Event: 15,075 GC heap after
{Heap after GC invocations=34 (full 0):
 garbage-first heap   total 708608K, used 401953K [0x0000000708e00000, 0x0000000800000000)
  region size 2048K, 10 young (20480K), 10 survivors (20480K)
 Metaspace       used 129575K, committed 131072K, reserved 1179648K
  class space    used 19325K, committed 20032K, reserved 1048576K
}
Event: 15,365 GC heap before
{Heap before GC invocations=34 (full 0):
 garbage-first heap   total 708608K, used 641569K [0x0000000708e00000, 0x0000000800000000)
  region size 2048K, 128 young (262144K), 10 survivors (20480K)
 Metaspace       used 129957K, committed 131584K, reserved 1179648K
  class space    used 19343K, committed 20096K, reserved 1048576K
}
Event: 15,378 GC heap after
{Heap after GC invocations=35 (full 0):
 garbage-first heap   total 909312K, used 417591K [0x0000000708e00000, 0x0000000800000000)
  region size 2048K, 12 young (24576K), 12 survivors (24576K)
 Metaspace       used 129957K, committed 131584K, reserved 1179648K
  class space    used 19343K, committed 20096K, reserved 1048576K
}
Event: 15,729 GC heap before
{Heap before GC invocations=35 (full 0):
 garbage-first heap   total 909312K, used 786231K [0x0000000708e00000, 0x0000000800000000)
  region size 2048K, 193 young (395264K), 12 survivors (24576K)
 Metaspace       used 130495K, committed 132032K, reserved 1179648K
  class space    used 19377K, committed 20096K, reserved 1048576K
}
Event: 15,742 GC heap after
{Heap after GC invocations=36 (full 0):
 garbage-first heap   total 909312K, used 440639K [0x0000000708e00000, 0x0000000800000000)
  region size 2048K, 23 young (47104K), 23 survivors (47104K)
 Metaspace       used 130495K, committed 132032K, reserved 1179648K
  class space    used 19377K, committed 20096K, reserved 1048576K
}
Event: 16,379 GC heap before
{Heap before GC invocations=36 (full 0):
 garbage-first heap   total 909312K, used 801087K [0x0000000708e00000, 0x0000000800000000)
  region size 2048K, 200 young (409600K), 23 survivors (47104K)
 Metaspace       used 131184K, committed 132800K, reserved 1179648K
  class space    used 19439K, committed 20160K, reserved 1048576K
}
Event: 16,393 GC heap after
{Heap after GC invocations=37 (full 0):
 garbage-first heap   total 909312K, used 449550K [0x0000000708e00000, 0x0000000800000000)
  region size 2048K, 18 young (36864K), 18 survivors (36864K)
 Metaspace       used 131184K, committed 132800K, reserved 1179648K
  class space    used 19439K, committed 20160K, reserved 1048576K
}
Event: 17,688 GC heap before
{Heap before GC invocations=37 (full 0):
 garbage-first heap   total 909312K, used 814094K [0x0000000708e00000, 0x0000000800000000)
  region size 2048K, 197 young (403456K), 18 survivors (36864K)
 Metaspace       used 131750K, committed 133312K, reserved 1179648K
  class space    used 19450K, committed 20160K, reserved 1048576K
}
Event: 17,698 GC heap after
{Heap after GC invocations=38 (full 0):
 garbage-first heap   total 909312K, used 455082K [0x0000000708e00000, 0x0000000800000000)
  region size 2048K, 9 young (18432K), 9 survivors (18432K)
 Metaspace       used 131750K, committed 133312K, reserved 1179648K
  class space    used 19450K, committed 20160K, reserved 1048576K
}

